[2022-03-28 21:56:54,181] {taskinstance.py:670} INFO - Dependencies all met for <TaskInstance: example_python_operator.print_the_context 2022-03-29T00:56:16.365597+00:00 [queued]>
[2022-03-28 21:56:54,187] {taskinstance.py:670} INFO - Dependencies all met for <TaskInstance: example_python_operator.print_the_context 2022-03-29T00:56:16.365597+00:00 [queued]>
[2022-03-28 21:56:54,187] {taskinstance.py:880} INFO - 
--------------------------------------------------------------------------------
[2022-03-28 21:56:54,187] {taskinstance.py:881} INFO - Starting attempt 1 of 1
[2022-03-28 21:56:54,187] {taskinstance.py:882} INFO - 
--------------------------------------------------------------------------------
[2022-03-28 21:56:54,195] {taskinstance.py:901} INFO - Executing <Task(PythonOperator): print_the_context> on 2022-03-29T00:56:16.365597+00:00
[2022-03-28 21:56:54,197] {standard_task_runner.py:54} INFO - Started process 5903 to run task
[2022-03-28 21:56:54,230] {standard_task_runner.py:77} INFO - Running: ['airflow', 'run', 'example_python_operator', 'print_the_context', '2022-03-29T00:56:16.365597+00:00', '--job_id', '8', '--pool', 'default_pool', '--raw', '-sd', '/home/arthur/datapipeline/.env/lib/python3.8/site-packages/airflow/example_dags/example_python_operator.py', '--cfg_path', '/tmp/tmpim0w26ag']
[2022-03-28 21:56:54,230] {standard_task_runner.py:78} INFO - Job 8: Subtask print_the_context
[2022-03-28 21:56:54,249] {logging_mixin.py:112} INFO - Running <TaskInstance: example_python_operator.print_the_context 2022-03-29T00:56:16.365597+00:00 [running]> on host Desktop.localdomain
[2022-03-28 21:56:54,267] {logging_mixin.py:112} INFO - {'END_DATE': '2022-03-29',
 'conf': <airflow.configuration.AirflowConfigParser object at 0x7f56522bafa0>,
 'dag': <DAG: example_python_operator>,
 'dag_run': <DagRun example_python_operator @ 2022-03-29 00:56:16.365597+00:00: manual__2022-03-29T00:56:16.365597+00:00, externally triggered: True>,
 'ds_nodash': '20220329',
 'end_date': '2022-03-29',
 'execution_date': <Pendulum [2022-03-29T00:56:16.365597+00:00]>,
 'inlets': [],
 'latest_date': '2022-03-29',
 'macros': <module 'airflow.macros' from '/home/arthur/datapipeline/.env/lib/python3.8/site-packages/airflow/macros/__init__.py'>,
 'next_ds': '2022-03-29',
 'next_ds_nodash': '20220329',
 'next_execution_date': <Pendulum [2022-03-29T00:56:16.365597+00:00]>,
 'outlets': [],
 'params': {},
 'prev_ds': '2022-03-29',
 'prev_ds_nodash': '20220329',
 'prev_execution_date': <Pendulum [2022-03-29T00:56:16.365597+00:00]>,
 'prev_execution_date_success': <Proxy at 0x7f564d0c0e40 with factory <function TaskInstance.get_template_context.<locals>.<lambda> at 0x7f564d0b9c10>>,
 'prev_start_date_success': <Proxy at 0x7f564d0c0f00 with factory <function TaskInstance.get_template_context.<locals>.<lambda> at 0x7f564d0c5dc0>>,
 'run_id': 'manual__2022-03-29T00:56:16.365597+00:00',
 'tables': None,
 'task': <Task(PythonOperator): print_the_context>,
 'task_instance': <TaskInstance: example_python_operator.print_the_context 2022-03-29T00:56:16.365597+00:00 [running]>,
 'task_instance_key_str': 'example_python_operator__print_the_context__20220329',
 'templates_dict': None,
 'test_mode': False,
 'ti': <TaskInstance: example_python_operator.print_the_context 2022-03-29T00:56:16.365597+00:00 [running]>,
 'tomorrow_ds': '2022-03-30',
 'tomorrow_ds_nodash': '20220330',
 'ts': '2022-03-29T00:56:16.365597+00:00',
 'ts_nodash': '20220329T005616',
 'ts_nodash_with_tz': '20220329T005616.365597+0000',
 'var': {'json': None, 'value': None},
 'yesterday_ds': '2022-03-28',
 'yesterday_ds_nodash': '20220328'}
[2022-03-28 21:56:54,267] {logging_mixin.py:112} INFO - 2022-03-29
[2022-03-28 21:56:54,267] {python_operator.py:114} INFO - Done. Returned value was: Whatever you return gets printed in the logs
[2022-03-28 21:56:54,276] {taskinstance.py:1057} INFO - Marking task as SUCCESS.dag_id=example_python_operator, task_id=print_the_context, execution_date=20220329T005616, start_date=20220329T005654, end_date=20220329T005654
[2022-03-28 21:56:59,179] {local_task_job.py:102} INFO - Task exited with return code 0
